<?xml version="1.0" encoding="UTF-8"?>
<testng-results ignored="0" total="1" passed="1" failed="0" skipped="0">
  <reporter-output>
  </reporter-output>
  <suite started-at="2023-02-27T16:21:08 IST" name="Suite" finished-at="2023-02-27T16:21:35 IST" duration-ms="27584">
    <groups>
      <group name="cucumber">
        <method signature="AbstractTestNGCucumberTests.runScenario(io.cucumber.testng.PickleWrapper,io.cucumber.testng.FeatureWrapper)[pri:0, instance:testRun.LoginRun@7e07db1f]" name="runScenario" class="io.cucumber.testng.AbstractTestNGCucumberTests"/>
      </group> <!-- cucumber -->
    </groups>
    <test started-at="2023-02-27T16:21:08 IST" name="Test" finished-at="2023-02-27T16:21:35 IST" duration-ms="27584">
      <class name="testRun.LoginRun">
        <test-method is-config="true" signature="setUpClass(org.testng.ITestContext)[pri:0, instance:testRun.LoginRun@7e07db1f]" started-at="2023-02-27T16:21:08 IST" name="setUpClass" finished-at="2023-02-27T16:21:08 IST" duration-ms="421" status="PASS">
          <params>
            <param index="0">
              <value>
                <![CDATA[org.testng.TestRunner@6048e26a]]>
              </value>
            </param>
          </params>
          <reporter-output>
          </reporter-output>
        </test-method> <!-- setUpClass -->
        <test-method signature="runScenario(io.cucumber.testng.PickleWrapper,io.cucumber.testng.FeatureWrapper)[pri:0, instance:testRun.LoginRun@7e07db1f]" started-at="2023-02-27T16:21:08 IST" name="runScenario" description="Runs Cucumber Scenarios" data-provider="scenarios" finished-at="2023-02-27T16:21:35 IST" duration-ms="27095" status="PASS">
          <params>
            <param index="0">
              <value>
                <![CDATA["Successfull Login Test with valid credentials"]]>
              </value>
            </param>
            <param index="1">
              <value>
                <![CDATA["Login Functionality"]]>
              </value>
            </param>
          </params>
          <reporter-output>
          </reporter-output>
        </test-method> <!-- runScenario -->
        <test-method is-config="true" signature="tearDownClass()[pri:0, instance:testRun.LoginRun@7e07db1f]" started-at="2023-02-27T16:21:35 IST" name="tearDownClass" finished-at="2023-02-27T16:21:35 IST" duration-ms="21" status="PASS">
          <reporter-output>
          </reporter-output>
        </test-method> <!-- tearDownClass -->
      </class> <!-- testRun.LoginRun -->
    </test> <!-- Test -->
  </suite> <!-- Suite -->
</testng-results>
